生成启动时间为 2017/4/5 21:43:10。
     1>项目“H:\Programming\vs2010\cpp\Win32\MidiSpliter\MidiSpliter\MidiSpliter.vcxproj”在节点 2 上(build 个目标)。
     1>InitializeBuildStatus:
         正在创建“Debug\MidiSpliter.unsuccessfulbuild”，因为已指定“AlwaysCreate”。
       ClCompile:
         所有输出均为最新。
         E:\Program Files (x86)\Microsoft Visual Studio 10.0\VC\bin\CL.exe /c /ZI /nologo /W3 /WX- /Od /Oy- /D WIN32 /D _DEBUG /D _CONSOLE /D _UNICODE /D UNICODE /Gm /EHsc /RTC1 /MDd /GS /fp:precise /Zc:wchar_t /Zc:forScope /Yu"StdAfx.h" /Fp"Debug\MidiSpliter.pch" /Fo"Debug\\" /Fd"Debug\vc100.pdb" /Gd /TP /analyze- /errorReport:prompt MidiSpliter.cpp
         MidiSpliter.cpp
     1>h:\programming\vs2010\cpp\win32\midispliter\midispliter\midispliter.cpp(29): warning C4996: 'strcpy': This function or variable may be unsafe. Consider using strcpy_s instead. To disable deprecation, use _CRT_SECURE_NO_WARNINGS. See online help for details.
                 e:\program files (x86)\microsoft visual studio 10.0\vc\include\string.h(105) : 参见“strcpy”的声明
     1>h:\programming\vs2010\cpp\win32\midispliter\midispliter\midispliter.cpp(73): warning C4996: 'strcpy': This function or variable may be unsafe. Consider using strcpy_s instead. To disable deprecation, use _CRT_SECURE_NO_WARNINGS. See online help for details.
                 e:\program files (x86)\microsoft visual studio 10.0\vc\include\string.h(105) : 参见“strcpy”的声明
     1>h:\programming\vs2010\cpp\win32\midispliter\midispliter\midispliter.cpp(58): warning C4101: “fileCountPerSeq”: 未引用的局部变量
     1>h:\programming\vs2010\cpp\win32\midispliter\midispliter\midispliter.cpp(49): warning C4101: “data”: 未引用的局部变量
     1>h:\programming\vs2010\cpp\win32\midispliter\midispliter\midispliter.cpp(58): warning C4101: “seqCountPerFile”: 未引用的局部变量
     1>h:\programming\vs2010\cpp\win32\midispliter\midispliter\midispliter.cpp(119): warning C4996: 'strcpy': This function or variable may be unsafe. Consider using strcpy_s instead. To disable deprecation, use _CRT_SECURE_NO_WARNINGS. See online help for details.
                 e:\program files (x86)\microsoft visual studio 10.0\vc\include\string.h(105) : 参见“strcpy”的声明
     1>h:\programming\vs2010\cpp\win32\midispliter\midispliter\midispliter.cpp(101): warning C4101: “fileCountPerSeq”: 未引用的局部变量
     1>h:\programming\vs2010\cpp\win32\midispliter\midispliter\midispliter.cpp(92): warning C4101: “data”: 未引用的局部变量
     1>h:\programming\vs2010\cpp\win32\midispliter\midispliter\midispliter.cpp(101): warning C4101: “seqCountPerFile”: 未引用的局部变量
     1>h:\programming\vs2010\cpp\win32\midispliter\midispliter\midispliter.cpp(139): warning C4996: 'fopen': This function or variable may be unsafe. Consider using fopen_s instead. To disable deprecation, use _CRT_SECURE_NO_WARNINGS. See online help for details.
                 e:\program files (x86)\microsoft visual studio 10.0\vc\include\stdio.h(234) : 参见“fopen”的声明
     1>h:\programming\vs2010\cpp\win32\midispliter\midispliter\midispliter.cpp(140): warning C4996: 'fopen': This function or variable may be unsafe. Consider using fopen_s instead. To disable deprecation, use _CRT_SECURE_NO_WARNINGS. See online help for details.
                 e:\program files (x86)\microsoft visual studio 10.0\vc\include\stdio.h(234) : 参见“fopen”的声明
     1>h:\programming\vs2010\cpp\win32\midispliter\midispliter\midispliter.cpp(146): warning C4018: “<”: 有符号/无符号不匹配
       ManifestResourceCompile:
         所有输出均为最新。
       Link:
         E:\Program Files (x86)\Microsoft Visual Studio 10.0\VC\bin\link.exe /ERRORREPORT:PROMPT /OUT:"H:\Programming\vs2010\cpp\Win32\MidiSpliter\Debug\MidiSpliter.exe" /INCREMENTAL /NOLOGO kernel32.lib user32.lib gdi32.lib winspool.lib comdlg32.lib advapi32.lib shell32.lib ole32.lib oleaut32.lib uuid.lib odbc32.lib odbccp32.lib /MANIFEST /ManifestFile:"Debug\MidiSpliter.exe.intermediate.manifest" /MANIFESTUAC:"level='asInvoker' uiAccess='false'" /DEBUG /PDB:"H:\Programming\vs2010\cpp\Win32\MidiSpliter\Debug\MidiSpliter.pdb" /SUBSYSTEM:CONSOLE /TLBID:1 /DYNAMICBASE /NXCOMPAT /IMPLIB:"H:\Programming\vs2010\cpp\Win32\MidiSpliter\Debug\MidiSpliter.lib" /MACHINE:X86 Debug\MidiSpliter.exe.embed.manifest.res
         Debug\Common.obj
         Debug\MidiEvent.obj
         Debug\MidiFile.obj
         Debug\MidiSpliter.obj
         Debug\MidiTrack.obj
         Debug\stdafx.obj
       Manifest:
         C:\Program Files\Microsoft SDKs\Windows\v7.0A\bin\mt.exe /nologo /verbose /out:"Debug\MidiSpliter.exe.embed.manifest" /manifest Debug\MidiSpliter.exe.intermediate.manifest
         所有输出均为最新。
       LinkEmbedManifest:
         所有输出均为最新。
         MidiSpliter.vcxproj -> H:\Programming\vs2010\cpp\Win32\MidiSpliter\Debug\MidiSpliter.exe
       FinalizeBuildStatus:
         正在删除文件“Debug\MidiSpliter.unsuccessfulbuild”。
         正在对“Debug\MidiSpliter.lastbuildstate”执行 Touch 任务。
     1>已完成生成项目“H:\Programming\vs2010\cpp\Win32\MidiSpliter\MidiSpliter\MidiSpliter.vcxproj”(build 个目标)的操作。

生成成功。

已用时间 00:00:01.34
